Analysis & Synthesis report for fase3
Fri Jun 01 14:21:23 2018
Quartus Prime Version 17.1.0 Build 590 10/25/2017 SJ Lite Edition


---------------------
; Table of Contents ;
---------------------
  1. Legal Notice
  2. Analysis & Synthesis Summary
  3. Analysis & Synthesis Settings
  4. Parallel Compilation
  5. Analysis & Synthesis Source Files Read
  6. Analysis & Synthesis Resource Usage Summary
  7. Analysis & Synthesis Resource Utilization by Entity
  8. State Machine - |fase3|LCDModule:inst|lcd_controller:DISPLAY|state
  9. Registers Protected by Synthesis
 10. Registers Removed During Synthesis
 11. General Register Statistics
 12. Inverted Register Statistics
 13. Multiplexer Restructuring Statistics (Restructuring Performed)
 14. Source assignments for LCDModule:inst|lcd_controller:DISPLAY
 15. Parameter Settings for User Entity Instance: LCDModule:inst
 16. Parameter Settings for User Entity Instance: LCDModule:inst|lcd_controller:DISPLAY
 17. Port Connectivity Checks: "LCDModule:inst|lcd_controller:DISPLAY"
 18. Post-Synthesis Netlist Statistics for Top Partition
 19. Elapsed Time Per Partition
 20. Analysis & Synthesis Messages



----------------
; Legal Notice ;
----------------
Copyright (C) 2017  Intel Corporation. All rights reserved.
Your use of Intel Corporation's design tools, logic functions 
and other software and tools, and its AMPP partner logic 
functions, and any output files from any of the foregoing 
(including device programming or simulation files), and any 
associated documentation or information are expressly subject 
to the terms and conditions of the Intel Program License 
Subscription Agreement, the Intel Quartus Prime License Agreement,
the Intel FPGA IP License Agreement, or other applicable license
agreement, including, without limitation, that your use is for
the sole purpose of programming logic devices manufactured by
Intel and sold by Intel or its authorized distributors.  Please
refer to the applicable agreement for further details.



+----------------------------------------------------------------------------------+
; Analysis & Synthesis Summary                                                     ;
+------------------------------------+---------------------------------------------+
; Analysis & Synthesis Status        ; Successful - Fri Jun 01 14:21:23 2018       ;
; Quartus Prime Version              ; 17.1.0 Build 590 10/25/2017 SJ Lite Edition ;
; Revision Name                      ; fase3                                       ;
; Top-level Entity Name              ; fase3                                       ;
; Family                             ; Cyclone IV E                                ;
; Total logic elements               ; 263                                         ;
;     Total combinational functions  ; 262                                         ;
;     Dedicated logic registers      ; 112                                         ;
; Total registers                    ; 112                                         ;
; Total pins                         ; 23                                          ;
; Total virtual pins                 ; 0                                           ;
; Total memory bits                  ; 0                                           ;
; Embedded Multiplier 9-bit elements ; 0                                           ;
; Total PLLs                         ; 0                                           ;
+------------------------------------+---------------------------------------------+


+----------------------------------------------------------------------------------------------------------------------+
; Analysis & Synthesis Settings                                                                                        ;
+----------------------------------------------------------------------------+--------------------+--------------------+
; Option                                                                     ; Setting            ; Default Value      ;
+----------------------------------------------------------------------------+--------------------+--------------------+
; Device                                                                     ; EP4CE115F29C7      ;                    ;
; Top-level entity name                                                      ; fase3              ; fase3              ;
; Family name                                                                ; Cyclone IV E       ; Cyclone V          ;
; Use smart compilation                                                      ; Off                ; Off                ;
; Enable parallel Assembler and TimeQuest Timing Analyzer during compilation ; On                 ; On                 ;
; Enable compact report table                                                ; Off                ; Off                ;
; Restructure Multiplexers                                                   ; Auto               ; Auto               ;
; Create Debugging Nodes for IP Cores                                        ; Off                ; Off                ;
; Preserve fewer node names                                                  ; On                 ; On                 ;
; Intel FPGA IP Evaluation Mode                                              ; Enable             ; Enable             ;
; Verilog Version                                                            ; Verilog_2001       ; Verilog_2001       ;
; VHDL Version                                                               ; VHDL_1993          ; VHDL_1993          ;
; State Machine Processing                                                   ; Auto               ; Auto               ;
; Safe State Machine                                                         ; Off                ; Off                ;
; Extract Verilog State Machines                                             ; On                 ; On                 ;
; Extract VHDL State Machines                                                ; On                 ; On                 ;
; Ignore Verilog initial constructs                                          ; Off                ; Off                ;
; Iteration limit for constant Verilog loops                                 ; 5000               ; 5000               ;
; Iteration limit for non-constant Verilog loops                             ; 250                ; 250                ;
; Add Pass-Through Logic to Inferred RAMs                                    ; On                 ; On                 ;
; Infer RAMs from Raw Logic                                                  ; On                 ; On                 ;
; Parallel Synthesis                                                         ; On                 ; On                 ;
; DSP Block Balancing                                                        ; Auto               ; Auto               ;
; NOT Gate Push-Back                                                         ; On                 ; On                 ;
; Power-Up Don't Care                                                        ; On                 ; On                 ;
; Remove Redundant Logic Cells                                               ; Off                ; Off                ;
; Remove Duplicate Registers                                                 ; On                 ; On                 ;
; Ignore CARRY Buffers                                                       ; Off                ; Off                ;
; Ignore CASCADE Buffers                                                     ; Off                ; Off                ;
; Ignore GLOBAL Buffers                                                      ; Off                ; Off                ;
; Ignore ROW GLOBAL Buffers                                                  ; Off                ; Off                ;
; Ignore LCELL Buffers                                                       ; Off                ; Off                ;
; Ignore SOFT Buffers                                                        ; On                 ; On                 ;
; Limit AHDL Integers to 32 Bits                                             ; Off                ; Off                ;
; Optimization Technique                                                     ; Balanced           ; Balanced           ;
; Carry Chain Length                                                         ; 70                 ; 70                 ;
; Auto Carry Chains                                                          ; On                 ; On                 ;
; Auto Open-Drain Pins                                                       ; On                 ; On                 ;
; Perform WYSIWYG Primitive Resynthesis                                      ; Off                ; Off                ;
; Auto ROM Replacement                                                       ; On                 ; On                 ;
; Auto RAM Replacement                                                       ; On                 ; On                 ;
; Auto DSP Block Replacement                                                 ; On                 ; On                 ;
; Auto Shift Register Replacement                                            ; Auto               ; Auto               ;
; Allow Shift Register Merging across Hierarchies                            ; Auto               ; Auto               ;
; Auto Clock Enable Replacement                                              ; On                 ; On                 ;
; Strict RAM Replacement                                                     ; Off                ; Off                ;
; Allow Synchronous Control Signals                                          ; On                 ; On                 ;
; Force Use of Synchronous Clear Signals                                     ; Off                ; Off                ;
; Auto RAM Block Balancing                                                   ; On                 ; On                 ;
; Auto RAM to Logic Cell Conversion                                          ; Off                ; Off                ;
; Auto Resource Sharing                                                      ; Off                ; Off                ;
; Allow Any RAM Size For Recognition                                         ; Off                ; Off                ;
; Allow Any ROM Size For Recognition                                         ; Off                ; Off                ;
; Allow Any Shift Register Size For Recognition                              ; Off                ; Off                ;
; Use LogicLock Constraints during Resource Balancing                        ; On                 ; On                 ;
; Ignore translate_off and synthesis_off directives                          ; Off                ; Off                ;
; Timing-Driven Synthesis                                                    ; On                 ; On                 ;
; Report Parameter Settings                                                  ; On                 ; On                 ;
; Report Source Assignments                                                  ; On                 ; On                 ;
; Report Connectivity Checks                                                 ; On                 ; On                 ;
; Ignore Maximum Fan-Out Assignments                                         ; Off                ; Off                ;
; Synchronization Register Chain Length                                      ; 2                  ; 2                  ;
; Power Optimization During Synthesis                                        ; Normal compilation ; Normal compilation ;
; HDL message level                                                          ; Level2             ; Level2             ;
; Suppress Register Optimization Related Messages                            ; Off                ; Off                ;
; Number of Removed Registers Reported in Synthesis Report                   ; 5000               ; 5000               ;
; Number of Swept Nodes Reported in Synthesis Report                         ; 5000               ; 5000               ;
; Number of Inverted Registers Reported in Synthesis Report                  ; 100                ; 100                ;
; Clock MUX Protection                                                       ; On                 ; On                 ;
; Auto Gated Clock Conversion                                                ; Off                ; Off                ;
; Block Design Naming                                                        ; Auto               ; Auto               ;
; SDC constraint protection                                                  ; Off                ; Off                ;
; Synthesis Effort                                                           ; Auto               ; Auto               ;
; Shift Register Replacement - Allow Asynchronous Clear Signal               ; On                 ; On                 ;
; Pre-Mapping Resynthesis Optimization                                       ; Off                ; Off                ;
; Analysis & Synthesis Message Level                                         ; Medium             ; Medium             ;
; Disable Register Merging Across Hierarchies                                ; Auto               ; Auto               ;
; Resource Aware Inference For Block RAM                                     ; On                 ; On                 ;
+----------------------------------------------------------------------------+--------------------+--------------------+


+------------------------------------------+
; Parallel Compilation                     ;
+----------------------------+-------------+
; Processors                 ; Number      ;
+----------------------------+-------------+
; Number detected on machine ; 4           ;
; Maximum allowed            ; 2           ;
;                            ;             ;
; Average used               ; 1.00        ;
; Maximum used               ; 2           ;
;                            ;             ;
; Usage by Processor         ; % Time Used ;
;     Processor 1            ; 100.0%      ;
;     Processor 2            ;   0.0%      ;
+----------------------------+-------------+


+-------------------------------------------------------------------------------------------------------------------------------------------------+
; Analysis & Synthesis Source Files Read                                                                                                          ;
+----------------------------------+-----------------+------------------------------------+---------------------------------------------+---------+
; File Name with User-Entered Path ; Used in Netlist ; File Type                          ; File Name with Absolute Path                ; Library ;
+----------------------------------+-----------------+------------------------------------+---------------------------------------------+---------+
; LCDModule.vhd                    ; yes             ; User VHDL File                     ; C:/LSD/miniprojeto/fase3/LCDModule.vhd      ;         ;
; lcd_controller.vhd               ; yes             ; User VHDL File                     ; C:/LSD/miniprojeto/fase3/lcd_controller.vhd ;         ;
; fase3.bdf                        ; yes             ; User Block Diagram/Schematic File  ; C:/LSD/miniprojeto/fase3/fase3.bdf          ;         ;
+----------------------------------+-----------------+------------------------------------+---------------------------------------------+---------+


+--------------------------------------------------------------+
; Analysis & Synthesis Resource Usage Summary                  ;
+---------------------------------------------+----------------+
; Resource                                    ; Usage          ;
+---------------------------------------------+----------------+
; Estimated Total logic elements              ; 263            ;
;                                             ;                ;
; Total combinational functions               ; 262            ;
; Logic element usage by number of LUT inputs ;                ;
;     -- 4 input functions                    ; 151            ;
;     -- 3 input functions                    ; 30             ;
;     -- <=2 input functions                  ; 81             ;
;                                             ;                ;
; Logic elements by mode                      ;                ;
;     -- normal mode                          ; 219            ;
;     -- arithmetic mode                      ; 43             ;
;                                             ;                ;
; Total registers                             ; 112            ;
;     -- Dedicated logic registers            ; 112            ;
;     -- I/O registers                        ; 0              ;
;                                             ;                ;
; I/O pins                                    ; 23             ;
;                                             ;                ;
; Embedded Multiplier 9-bit elements          ; 0              ;
;                                             ;                ;
; Maximum fan-out node                        ; CLOCK_50~input ;
; Maximum fan-out                             ; 112            ;
; Total fan-out                               ; 1178           ;
; Average fan-out                             ; 2.80           ;
+---------------------------------------------+----------------+


+------------------------------------------------------------------------------------------------------------------------------------------------------------------------------------------------------------------------------------------+
; Analysis & Synthesis Resource Utilization by Entity                                                                                                                                                                                      ;
+--------------------------------+---------------------+---------------------------+-------------+--------------+---------+-----------+------+--------------+----------------------------------------------+----------------+--------------+
; Compilation Hierarchy Node     ; Combinational ALUTs ; Dedicated Logic Registers ; Memory Bits ; DSP Elements ; DSP 9x9 ; DSP 18x18 ; Pins ; Virtual Pins ; Full Hierarchy Name                          ; Entity Name    ; Library Name ;
+--------------------------------+---------------------+---------------------------+-------------+--------------+---------+-----------+------+--------------+----------------------------------------------+----------------+--------------+
; |fase3                         ; 262 (0)             ; 112 (0)                   ; 0           ; 0            ; 0       ; 0         ; 23   ; 0            ; |fase3                                       ; fase3          ; work         ;
;    |LCDModule:inst|            ; 262 (127)           ; 112 (38)                  ; 0           ; 0            ; 0       ; 0         ; 0    ; 0            ; |fase3|LCDModule:inst                        ; LCDModule      ; work         ;
;       |lcd_controller:DISPLAY| ; 135 (135)           ; 74 (74)                   ; 0           ; 0            ; 0       ; 0         ; 0    ; 0            ; |fase3|LCDModule:inst|lcd_controller:DISPLAY ; lcd_controller ; work         ;
+--------------------------------+---------------------+---------------------------+-------------+--------------+---------+-----------+------+--------------+----------------------------------------------+----------------+--------------+
Note: For table entries with two numbers listed, the numbers in parentheses indicate the number of resources of the given type used by the specific entity alone. The numbers listed outside of parentheses indicate the total resources of the given type used by the specific entity and all of its sub-entities in the hierarchy.


Encoding Type: Safe One-Hot
+-----------------------------------------------------------------------------------------------------------------------------------------------------------------------------------------------------------------------------------------------------------------+
; State Machine - |fase3|LCDModule:inst|lcd_controller:DISPLAY|state                                                                                                                                                                                              ;
+----------------------------+----------------------------+------------------------+------------------------+------------------------+------------------------+------------------------+------------------------+------------------------+------------------------+
; Name                       ; state.PROCESS_TXD_REQUESTS ; state.POWER_ON_PHASE_8 ; state.POWER_ON_PHASE_7 ; state.POWER_ON_PHASE_6 ; state.POWER_ON_PHASE_5 ; state.POWER_ON_PHASE_4 ; state.POWER_ON_PHASE_3 ; state.POWER_ON_PHASE_2 ; state.POWER_ON_PHASE_1 ;
+----------------------------+----------------------------+------------------------+------------------------+------------------------+------------------------+------------------------+------------------------+------------------------+------------------------+
; state.POWER_ON_PHASE_1     ; 0                          ; 0                      ; 0                      ; 0                      ; 0                      ; 0                      ; 0                      ; 0                      ; 0                      ;
; state.POWER_ON_PHASE_2     ; 0                          ; 0                      ; 0                      ; 0                      ; 0                      ; 0                      ; 0                      ; 1                      ; 1                      ;
; state.POWER_ON_PHASE_3     ; 0                          ; 0                      ; 0                      ; 0                      ; 0                      ; 0                      ; 1                      ; 0                      ; 1                      ;
; state.POWER_ON_PHASE_4     ; 0                          ; 0                      ; 0                      ; 0                      ; 0                      ; 1                      ; 0                      ; 0                      ; 1                      ;
; state.POWER_ON_PHASE_5     ; 0                          ; 0                      ; 0                      ; 0                      ; 1                      ; 0                      ; 0                      ; 0                      ; 1                      ;
; state.POWER_ON_PHASE_6     ; 0                          ; 0                      ; 0                      ; 1                      ; 0                      ; 0                      ; 0                      ; 0                      ; 1                      ;
; state.POWER_ON_PHASE_7     ; 0                          ; 0                      ; 1                      ; 0                      ; 0                      ; 0                      ; 0                      ; 0                      ; 1                      ;
; state.POWER_ON_PHASE_8     ; 0                          ; 1                      ; 0                      ; 0                      ; 0                      ; 0                      ; 0                      ; 0                      ; 1                      ;
; state.PROCESS_TXD_REQUESTS ; 1                          ; 0                      ; 0                      ; 0                      ; 0                      ; 0                      ; 0                      ; 0                      ; 1                      ;
+----------------------------+----------------------------+------------------------+------------------------+------------------------+------------------------+------------------------+------------------------+------------------------+------------------------+


+----------------------------------------------------------------------------------------------------------------------------------------------------------------------------------+
; Registers Protected by Synthesis                                                                                                                                                 ;
+------------------------------------------------------------------+------------------------------------------------------------------+--------------------------------------------+
; Register Name                                                    ; Protected by Synthesis Attribute or Preserve Register Assignment ; Not to be Touched by Netlist Optimizations ;
+------------------------------------------------------------------+------------------------------------------------------------------+--------------------------------------------+
; LCDModule:inst|lcd_controller:DISPLAY|state.PROCESS_TXD_REQUESTS ; no                                                               ; yes                                        ;
; LCDModule:inst|lcd_controller:DISPLAY|state.POWER_ON_PHASE_8     ; no                                                               ; yes                                        ;
; LCDModule:inst|lcd_controller:DISPLAY|state.POWER_ON_PHASE_1     ; no                                                               ; yes                                        ;
; LCDModule:inst|lcd_controller:DISPLAY|state.POWER_ON_PHASE_2     ; no                                                               ; yes                                        ;
; LCDModule:inst|lcd_controller:DISPLAY|state.POWER_ON_PHASE_3     ; no                                                               ; yes                                        ;
; LCDModule:inst|lcd_controller:DISPLAY|state.POWER_ON_PHASE_4     ; no                                                               ; yes                                        ;
; LCDModule:inst|lcd_controller:DISPLAY|state.POWER_ON_PHASE_5     ; no                                                               ; yes                                        ;
; LCDModule:inst|lcd_controller:DISPLAY|state.POWER_ON_PHASE_6     ; no                                                               ; yes                                        ;
; LCDModule:inst|lcd_controller:DISPLAY|state.POWER_ON_PHASE_7     ; no                                                               ; yes                                        ;
; Total number of protected registers is 9                         ;                                                                  ;                                            ;
+------------------------------------------------------------------+------------------------------------------------------------------+--------------------------------------------+


+-----------------------------------------------------------------------------------------------------------------------------------------------------------+
; Registers Removed During Synthesis                                                                                                                        ;
+-----------------------------------------------------------------------------------------------------------+-----------------------------------------------+
; Register name                                                                                             ; Reason for Removal                            ;
+-----------------------------------------------------------------------------------------------------------+-----------------------------------------------+
; LCDModule:inst|bottom_line[70]                                                                            ; Stuck at GND due to stuck port data_in        ;
; LCDModule:inst|bottom_line[69]                                                                            ; Stuck at VCC due to stuck port data_in        ;
; LCDModule:inst|bottom_line[62..68]                                                                        ; Stuck at GND due to stuck port data_in        ;
; LCDModule:inst|bottom_line[61]                                                                            ; Stuck at VCC due to stuck port data_in        ;
; LCDModule:inst|bottom_line[54,55,58,59]                                                                   ; Stuck at GND due to stuck port data_in        ;
; LCDModule:inst|bottom_line[53]                                                                            ; Stuck at VCC due to stuck port data_in        ;
; LCDModule:inst|bottom_line[46..48,50]                                                                     ; Stuck at GND due to stuck port data_in        ;
; LCDModule:inst|bottom_line[45]                                                                            ; Stuck at VCC due to stuck port data_in        ;
; LCDModule:inst|bottom_line[38..44]                                                                        ; Stuck at GND due to stuck port data_in        ;
; LCDModule:inst|bottom_line[37]                                                                            ; Stuck at VCC due to stuck port data_in        ;
; LCDModule:inst|bottom_line[30,31,35]                                                                      ; Stuck at GND due to stuck port data_in        ;
; LCDModule:inst|bottom_line[29]                                                                            ; Stuck at VCC due to stuck port data_in        ;
; LCDModule:inst|bottom_line[22..28]                                                                        ; Stuck at GND due to stuck port data_in        ;
; LCDModule:inst|bottom_line[21]                                                                            ; Stuck at VCC due to stuck port data_in        ;
; LCDModule:inst|bottom_line[14..20]                                                                        ; Stuck at GND due to stuck port data_in        ;
; LCDModule:inst|bottom_line[13]                                                                            ; Stuck at VCC due to stuck port data_in        ;
; LCDModule:inst|bottom_line[6..12]                                                                         ; Stuck at GND due to stuck port data_in        ;
; LCDModule:inst|bottom_line[5]                                                                             ; Stuck at VCC due to stuck port data_in        ;
; LCDModule:inst|bottom_line[1..4]                                                                          ; Stuck at GND due to stuck port data_in        ;
; LCDModule:inst|txd_request                                                                                ; Stuck at VCC due to stuck port data_in        ;
; LCDModule:inst|bottom_line[0,71,76,79..81,83,87,89,91,95..97,99,100,103,108,111,112,114,115,119..123,127] ; Stuck at GND due to stuck port data_in        ;
; LCDModule:inst|top_line[5]                                                                                ; Stuck at VCC due to stuck port data_in        ;
; LCDModule:inst|top_line[6..9,12]                                                                          ; Stuck at GND due to stuck port data_in        ;
; LCDModule:inst|top_line[13]                                                                               ; Stuck at VCC due to stuck port data_in        ;
; LCDModule:inst|top_line[14,15,19]                                                                         ; Stuck at GND due to stuck port data_in        ;
; LCDModule:inst|top_line[21]                                                                               ; Stuck at VCC due to stuck port data_in        ;
; LCDModule:inst|top_line[23,24]                                                                            ; Stuck at GND due to stuck port data_in        ;
; LCDModule:inst|top_line[29]                                                                               ; Stuck at VCC due to stuck port data_in        ;
; LCDModule:inst|top_line[31]                                                                               ; Stuck at GND due to stuck port data_in        ;
; LCDModule:inst|top_line[37]                                                                               ; Stuck at VCC due to stuck port data_in        ;
; LCDModule:inst|top_line[39,44,47,51,52,55,57,58,63,71,73,75,79,80,87,92,95,98,99,103,111,112,119,121,127] ; Stuck at GND due to stuck port data_in        ;
; LCDModule:inst|bottom_line[117]                                                                           ; Merged with LCDModule:inst|top_line[125]      ;
; LCDModule:inst|top_line[125]                                                                              ; Merged with LCDModule:inst|top_line[101]      ;
; LCDModule:inst|top_line[101]                                                                              ; Merged with LCDModule:inst|top_line[117]      ;
; LCDModule:inst|top_line[117]                                                                              ; Merged with LCDModule:inst|bottom_line[101]   ;
; LCDModule:inst|bottom_line[101]                                                                           ; Merged with LCDModule:inst|bottom_line[125]   ;
; LCDModule:inst|bottom_line[125]                                                                           ; Merged with LCDModule:inst|top_line[109]      ;
; LCDModule:inst|top_line[109]                                                                              ; Merged with LCDModule:inst|top_line[93]       ;
; LCDModule:inst|top_line[93]                                                                               ; Merged with LCDModule:inst|bottom_line[109]   ;
; LCDModule:inst|bottom_line[109]                                                                           ; Merged with LCDModule:inst|bottom_line[93]    ;
; LCDModule:inst|bottom_line[93]                                                                            ; Merged with LCDModule:inst|bottom_line[85]    ;
; LCDModule:inst|bottom_line[85]                                                                            ; Merged with LCDModule:inst|bottom_line[77]    ;
; LCDModule:inst|top_line[106]                                                                              ; Merged with LCDModule:inst|top_line[102]      ;
; LCDModule:inst|top_line[102]                                                                              ; Merged with LCDModule:inst|top_line[97]       ;
; LCDModule:inst|top_line[97]                                                                               ; Merged with LCDModule:inst|top_line[94]       ;
; LCDModule:inst|top_line[94]                                                                               ; Merged with LCDModule:inst|top_line[91]       ;
; LCDModule:inst|top_line[91]                                                                               ; Merged with LCDModule:inst|top_line[90]       ;
; LCDModule:inst|top_line[90]                                                                               ; Merged with LCDModule:inst|top_line[89]       ;
; LCDModule:inst|top_line[89]                                                                               ; Merged with LCDModule:inst|top_line[88]       ;
; LCDModule:inst|top_line[88]                                                                               ; Merged with LCDModule:inst|top_line[68]       ;
; LCDModule:inst|top_line[68]                                                                               ; Merged with LCDModule:inst|top_line[46]       ;
; LCDModule:inst|top_line[46]                                                                               ; Merged with LCDModule:inst|top_line[40]       ;
; LCDModule:inst|top_line[40]                                                                               ; Merged with LCDModule:inst|bottom_line[124]   ;
; LCDModule:inst|bottom_line[124]                                                                           ; Merged with LCDModule:inst|bottom_line[118]   ;
; LCDModule:inst|bottom_line[118]                                                                           ; Merged with LCDModule:inst|bottom_line[116]   ;
; LCDModule:inst|bottom_line[116]                                                                           ; Merged with LCDModule:inst|bottom_line[113]   ;
; LCDModule:inst|bottom_line[113]                                                                           ; Merged with LCDModule:inst|bottom_line[126]   ;
; LCDModule:inst|bottom_line[126]                                                                           ; Merged with LCDModule:inst|top_line[126]      ;
; LCDModule:inst|top_line[126]                                                                              ; Merged with LCDModule:inst|bottom_line[107]   ;
; LCDModule:inst|bottom_line[107]                                                                           ; Merged with LCDModule:inst|bottom_line[106]   ;
; LCDModule:inst|bottom_line[106]                                                                           ; Merged with LCDModule:inst|bottom_line[105]   ;
; LCDModule:inst|bottom_line[105]                                                                           ; Merged with LCDModule:inst|bottom_line[104]   ;
; LCDModule:inst|bottom_line[104]                                                                           ; Merged with LCDModule:inst|bottom_line[102]   ;
; LCDModule:inst|bottom_line[102]                                                                           ; Merged with LCDModule:inst|bottom_line[110]   ;
; LCDModule:inst|bottom_line[110]                                                                           ; Merged with LCDModule:inst|bottom_line[98]    ;
; LCDModule:inst|bottom_line[98]                                                                            ; Merged with LCDModule:inst|bottom_line[94]    ;
; LCDModule:inst|bottom_line[94]                                                                            ; Merged with LCDModule:inst|top_line[118]      ;
; LCDModule:inst|top_line[118]                                                                              ; Merged with LCDModule:inst|bottom_line[92]    ;
; LCDModule:inst|bottom_line[92]                                                                            ; Merged with LCDModule:inst|bottom_line[90]    ;
; LCDModule:inst|bottom_line[90]                                                                            ; Merged with LCDModule:inst|bottom_line[88]    ;
; LCDModule:inst|bottom_line[88]                                                                            ; Merged with LCDModule:inst|bottom_line[86]    ;
; LCDModule:inst|bottom_line[86]                                                                            ; Merged with LCDModule:inst|top_line[113]      ;
; LCDModule:inst|top_line[113]                                                                              ; Merged with LCDModule:inst|bottom_line[84]    ;
; LCDModule:inst|bottom_line[84]                                                                            ; Merged with LCDModule:inst|bottom_line[82]    ;
; LCDModule:inst|bottom_line[82]                                                                            ; Merged with LCDModule:inst|bottom_line[78]    ;
; LCDModule:inst|bottom_line[78]                                                                            ; Merged with LCDModule:inst|top_line[110]      ;
; LCDModule:inst|top_line[110]                                                                              ; Merged with LCDModule:inst|bottom_line[75]    ;
; LCDModule:inst|bottom_line[75]                                                                            ; Merged with LCDModule:inst|bottom_line[74]    ;
; LCDModule:inst|bottom_line[74]                                                                            ; Merged with LCDModule:inst|bottom_line[73]    ;
; LCDModule:inst|bottom_line[73]                                                                            ; Merged with LCDModule:inst|bottom_line[72]    ;
; LCDModule:inst|bottom_line[72]                                                                            ; Merged with LCDModule:inst|bottom_line[36]    ;
; LCDModule:inst|bottom_line[36]                                                                            ; Merged with LCDModule:inst|bottom_line[49]    ;
; LCDModule:inst|bottom_line[49]                                                                            ; Merged with LCDModule:inst|bottom_line[51]    ;
; LCDModule:inst|bottom_line[51]                                                                            ; Merged with LCDModule:inst|bottom_line[52]    ;
; LCDModule:inst|bottom_line[52,77]                                                                         ; Merged with LCDModule:inst|bottom_line[60]    ;
; LCDModule:inst|top_line[36,43,50,56,59,62,70,72,74,76,78,82,86,108,114,115,120,123]                       ; Merged with LCDModule:inst|top_line[100]      ;
; LCDModule:inst|top_line[26,30,34,38,81,83,84,96,105,107,116,122,124]                                      ; Merged with LCDModule:inst|top_line[104]      ;
; LCDModule:inst|top_line[4,11]                                                                             ; Merged with LCDModule:inst|top_line[10]       ;
; LCDModule:inst|top_line[53,61,69,77,85]                                                                   ; Merged with LCDModule:inst|top_line[45]       ;
; LCDModule:inst|top_line[48,49]                                                                            ; Merged with LCDModule:inst|top_line[28]       ;
; LCDModule:inst|top_line[22,25,27,32,60]                                                                   ; Merged with LCDModule:inst|top_line[18]       ;
; LCDModule:inst|top_line[35,42,54]                                                                         ; Merged with LCDModule:inst|top_line[33]       ;
; LCDModule:inst|top_line[41]                                                                               ; Merged with LCDModule:inst|top_line[20]       ;
; LCDModule:inst|txd_rs_and_data[7]                                                                         ; Merged with LCDModule:inst|txd_rs_and_data[8] ;
; Total Number of Removed Registers = 234                                                                   ;                                               ;
+-----------------------------------------------------------------------------------------------------------+-----------------------------------------------+


+------------------------------------------------------+
; General Register Statistics                          ;
+----------------------------------------------+-------+
; Statistic                                    ; Value ;
+----------------------------------------------+-------+
; Total registers                              ; 112   ;
; Number of registers using Synchronous Clear  ; 8     ;
; Number of registers using Synchronous Load   ; 4     ;
; Number of registers using Asynchronous Clear ; 0     ;
; Number of registers using Asynchronous Load  ; 0     ;
; Number of registers using Clock Enable       ; 61    ;
; Number of registers using Preset             ; 0     ;
+----------------------------------------------+-------+


+-------------------------------------------------------------------+
; Inverted Register Statistics                                      ;
+---------------------------------------------------------+---------+
; Inverted Register                                       ; Fan out ;
+---------------------------------------------------------+---------+
; LCDModule:inst|lcd_controller:DISPLAY|reset_counter[16] ; 2       ;
; LCDModule:inst|lcd_controller:DISPLAY|reset_counter[17] ; 2       ;
; LCDModule:inst|lcd_controller:DISPLAY|reset_counter[18] ; 2       ;
; LCDModule:inst|lcd_controller:DISPLAY|reset_counter[19] ; 2       ;
; LCDModule:inst|lcd_controller:DISPLAY|reset_counter[6]  ; 2       ;
; LCDModule:inst|lcd_controller:DISPLAY|reset_counter[9]  ; 2       ;
; LCDModule:inst|lcd_controller:DISPLAY|reset_counter[14] ; 2       ;
; LCDModule:inst|top_line[45]                             ; 1       ;
; Total number of inverted registers = 8                  ;         ;
+---------------------------------------------------------+---------+


+------------------------------------------------------------------------------------------------------------------------------------------------------------------------------------+
; Multiplexer Restructuring Statistics (Restructuring Performed)                                                                                                                     ;
+--------------------+-----------+---------------+----------------------+------------------------+------------+----------------------------------------------------------------------+
; Multiplexer Inputs ; Bus Width ; Baseline Area ; Area if Restructured ; Saving if Restructured ; Registered ; Example Multiplexer Output                                           ;
+--------------------+-----------+---------------+----------------------+------------------------+------------+----------------------------------------------------------------------+
; 3:1                ; 2 bits    ; 4 LEs         ; 4 LEs                ; 0 LEs                  ; Yes        ; |fase3|LCDModule:inst|top_line[18]                                   ;
; 4:1                ; 4 bits    ; 8 LEs         ; 8 LEs                ; 0 LEs                  ; Yes        ; |fase3|LCDModule:inst|lcd_controller:DISPLAY|write_enable_counter[2] ;
; 4:1                ; 6 bits    ; 12 LEs        ; 12 LEs               ; 0 LEs                  ; Yes        ; |fase3|LCDModule:inst|lcd_controller:DISPLAY|delay_counter[19]       ;
; 4:1                ; 14 bits   ; 28 LEs        ; 28 LEs               ; 0 LEs                  ; Yes        ; |fase3|LCDModule:inst|lcd_controller:DISPLAY|delay_counter[9]        ;
; 16:1               ; 2 bits    ; 20 LEs        ; 16 LEs               ; 4 LEs                  ; Yes        ; |fase3|LCDModule:inst|bottom_line[33]                                ;
; 32:1               ; 2 bits    ; 42 LEs        ; 10 LEs               ; 32 LEs                 ; Yes        ; |fase3|LCDModule:inst|top_line[67]                                   ;
; 3:1                ; 7 bits    ; 14 LEs        ; 14 LEs               ; 0 LEs                  ; No         ; |fase3|LCDModule:inst|lcd_controller:DISPLAY|state                   ;
; 3:1                ; 2 bits    ; 4 LEs         ; 2 LEs                ; 2 LEs                  ; No         ; |fase3|LCDModule:inst|top_line                                       ;
; 4:1                ; 2 bits    ; 4 LEs         ; 4 LEs                ; 0 LEs                  ; No         ; |fase3|LCDModule:inst|top_line                                       ;
+--------------------+-----------+---------------+----------------------+------------------------+------------+----------------------------------------------------------------------+


+--------------------------------------------------------------+
; Source assignments for LCDModule:inst|lcd_controller:DISPLAY ;
+--------------------+-------+------+--------------------------+
; Assignment         ; Value ; From ; To                       ;
+--------------------+-------+------+--------------------------+
; SAFE_STATE_MACHINE ; on    ; -    ; state                    ;
+--------------------+-------+------+--------------------------+


+-------------------------------------------------------------+
; Parameter Settings for User Entity Instance: LCDModule:inst ;
+--------------------+------------+---------------------------+
; Parameter Name     ; Value      ; Type                      ;
+--------------------+------------+---------------------------+
; clock_50_frequency ; 50000000.0 ; Signed Float              ;
+--------------------+------------+---------------------------+
Note: In order to hide this table in the UI and the text report file, please set the "Show Parameter Settings in Synthesis Report" option in "Analysis and Synthesis Settings -> More Settings" to "Off".


+------------------------------------------------------------------------------------+
; Parameter Settings for User Entity Instance: LCDModule:inst|lcd_controller:DISPLAY ;
+-----------------+------------+-----------------------------------------------------+
; Parameter Name  ; Value      ; Type                                                ;
+-----------------+------------+-----------------------------------------------------+
; clock_frequency ; 50000000.0 ; Signed Float                                        ;
+-----------------+------------+-----------------------------------------------------+
Note: In order to hide this table in the UI and the text report file, please set the "Show Parameter Settings in Synthesis Report" option in "Analysis and Synthesis Settings -> More Settings" to "Off".


+-------------------------------------------------------------------+
; Port Connectivity Checks: "LCDModule:inst|lcd_controller:DISPLAY" ;
+-------+-------+----------+----------------------------------------+
; Port  ; Type  ; Severity ; Details                                ;
+-------+-------+----------+----------------------------------------+
; reset ; Input ; Info     ; Stuck at GND                           ;
+-------+-------+----------+----------------------------------------+


+-----------------------------------------------------+
; Post-Synthesis Netlist Statistics for Top Partition ;
+-----------------------+-----------------------------+
; Type                  ; Count                       ;
+-----------------------+-----------------------------+
; boundary_port         ; 23                          ;
; cycloneiii_ff         ; 112                         ;
;     ENA               ; 55                          ;
;     ENA SCLR          ; 6                           ;
;     SCLR              ; 1                           ;
;     SCLR SLD          ; 1                           ;
;     SLD               ; 3                           ;
;     plain             ; 46                          ;
; cycloneiii_io_obuf    ; 8                           ;
; cycloneiii_lcell_comb ; 263                         ;
;     arith             ; 43                          ;
;         2 data inputs ; 43                          ;
;     normal            ; 220                         ;
;         0 data inputs ; 1                           ;
;         1 data inputs ; 21                          ;
;         2 data inputs ; 17                          ;
;         3 data inputs ; 30                          ;
;         4 data inputs ; 151                         ;
;                       ;                             ;
; Max LUT depth         ; 5.00                        ;
; Average LUT depth     ; 3.30                        ;
+-----------------------+-----------------------------+


+-------------------------------+
; Elapsed Time Per Partition    ;
+----------------+--------------+
; Partition Name ; Elapsed Time ;
+----------------+--------------+
; Top            ; 00:00:01     ;
+----------------+--------------+


+-------------------------------+
; Analysis & Synthesis Messages ;
+-------------------------------+
Info: *******************************************************************
Info: Running Quartus Prime Analysis & Synthesis
    Info: Version 17.1.0 Build 590 10/25/2017 SJ Lite Edition
    Info: Processing started: Fri Jun 01 14:21:08 2018
Info: Command: quartus_map --read_settings_files=on --write_settings_files=off fase3 -c fase3
Warning (18236): Number of processors has not been specified which may cause overloading on shared machines.  Set the global assignment NUM_PARALLEL_PROCESSORS in your QSF to an appropriate value for best performance.
Info (20030): Parallel compilation is enabled and will use 2 of the 2 processors detected
Info (12021): Found 2 design units, including 1 entities, in source file start_stop.vhd
    Info (12022): Found design unit 1: Start_Stop-Behavioral File: C:/LSD/miniprojeto/fase3/Start_Stop.vhd Line: 15
    Info (12023): Found entity 1: Start_Stop File: C:/LSD/miniprojeto/fase3/Start_Stop.vhd Line: 4
Info (12021): Found 2 design units, including 1 entities, in source file reset.vhd
    Info (12022): Found design unit 1: Reset-Behavioral File: C:/LSD/miniprojeto/fase3/Reset.vhd Line: 11
    Info (12023): Found entity 1: Reset File: C:/LSD/miniprojeto/fase3/Reset.vhd Line: 4
Info (12021): Found 2 design units, including 1 entities, in source file main.vhd
    Info (12022): Found design unit 1: Main-Behavioral File: C:/LSD/miniprojeto/fase3/Main.vhd Line: 22
    Info (12023): Found entity 1: Main File: C:/LSD/miniprojeto/fase3/Main.vhd Line: 5
Info (12021): Found 1 design units, including 1 entities, in source file fase2f.bdf
    Info (12023): Found entity 1: fase2f
Info (12021): Found 2 design units, including 1 entities, in source file divisor.vhd
    Info (12022): Found design unit 1: divisor-Behavioral File: C:/LSD/miniprojeto/fase3/divisor.vhd Line: 11
    Info (12023): Found entity 1: divisor File: C:/LSD/miniprojeto/fase3/divisor.vhd Line: 5
Info (12021): Found 2 design units, including 1 entities, in source file bin7segdecoder.vhd
    Info (12022): Found design unit 1: Bin7SegDecoder-Behavioral File: C:/LSD/miniprojeto/fase3/Bin7SegDecoder.vhd Line: 10
    Info (12023): Found entity 1: Bin7SegDecoder File: C:/LSD/miniprojeto/fase3/Bin7SegDecoder.vhd Line: 4
Info (12021): Found 2 design units, including 1 entities, in source file lcdmodule.vhd
    Info (12022): Found design unit 1: LCDModule-Behavioral File: C:/LSD/miniprojeto/fase3/LCDModule.vhd Line: 24
    Info (12023): Found entity 1: LCDModule File: C:/LSD/miniprojeto/fase3/LCDModule.vhd Line: 5
Info (12021): Found 2 design units, including 1 entities, in source file lcd_controller.vhd
    Info (12022): Found design unit 1: lcd_controller-conservative File: C:/LSD/miniprojeto/fase3/lcd_controller.vhd Line: 43
    Info (12023): Found entity 1: lcd_controller File: C:/LSD/miniprojeto/fase3/lcd_controller.vhd Line: 20
Info (12021): Found 1 design units, including 1 entities, in source file fase3.bdf
    Info (12023): Found entity 1: fase3
Info (12127): Elaborating entity "fase3" for the top level hierarchy
Info (12128): Elaborating entity "LCDModule" for hierarchy "LCDModule:inst"
Info (12129): Elaborating entity "lcd_controller" using architecture "A:conservative" for hierarchy "LCDModule:inst|lcd_controller:DISPLAY" File: C:/LSD/miniprojeto/fase3/LCDModule.vhd Line: 58
Info (284007): State machine "|fase3|LCDModule:inst|lcd_controller:DISPLAY|state" will be implemented as a safe state machine. File: C:/LSD/miniprojeto/fase3/lcd_controller.vhd Line: 71
Warning (13024): Output pins are stuck at VCC or GND
    Warning (13410): Pin "lcd_blon" is stuck at GND
Info (286030): Timing-Driven Synthesis is running
Info (16010): Generating hard_block partition "hard_block:auto_generated_inst"
    Info (16011): Adding 0 node(s), including 0 DDIO, 0 PLL, 0 transceiver and 0 LCELL
Info (21057): Implemented 292 device resources after synthesis - the final resource count might be different
    Info (21058): Implemented 10 input pins
    Info (21059): Implemented 13 output pins
    Info (21061): Implemented 269 logic cells
Info: Quartus Prime Analysis & Synthesis was successful. 0 errors, 3 warnings
    Info: Peak virtual memory: 722 megabytes
    Info: Processing ended: Fri Jun 01 14:21:23 2018
    Info: Elapsed time: 00:00:15
    Info: Total CPU time (on all processors): 00:00:31


